build/app/intermediates/manifest_merge_blame_file/release/manifest-merger-blame-release-report.txt
1<?xml version="1.0" encoding="utf-8"?>
2<manifest xmlns:android="http://schemas.android.com/apk/res/android"
3    package="com.mycompany.pegcrypto"
4    android:versionCode="3"
5    android:versionName="1.0.0" >
6
7    <uses-sdk
8        android:minSdkVersion="23"
9        android:targetSdkVersion="34" />
10
11    <uses-permission android:name="android.permission.INTERNET" />
11-->src\main\AndroidManifest.xml:4:5-66
11-->src\main\AndroidManifest.xml:4:22-64
12    <uses-permission android:name="android.permission.CAMERA" />
12-->src\main\AndroidManifest.xml:5:5-64
12-->src\main\AndroidManifest.xml:5:22-62
13    <uses-permission
13-->src\main\AndroidManifest.xml:6:5-106
14        android:name="android.permission.READ_EXTERNAL_STORAGE"
14-->src\main\AndroidManifest.xml:6:22-77
15        android:maxSdkVersion="32" />
15-->src\main\AndroidManifest.xml:6:78-104
16    <uses-permission
16-->src\main\AndroidManifest.xml:7:5-107
17        android:name="android.permission.WRITE_EXTERNAL_STORAGE"
17-->src\main\AndroidManifest.xml:7:22-78
18        android:maxSdkVersion="32" />
18-->src\main\AndroidManifest.xml:7:79-105
19    <uses-permission android:name="android.permission.READ_MEDIA_IMAGES" />
19-->src\main\AndroidManifest.xml:8:5-75
19-->src\main\AndroidManifest.xml:8:22-73
20
21    <queries>
21-->[:file_picker] AndroidManifest.xml:11:5-17:15
22        <intent>
22-->[:file_picker] AndroidManifest.xml:12:9-16:18
23            <action android:name="android.intent.action.GET_CONTENT" />
23-->[:file_picker] AndroidManifest.xml:13:13-72
23-->[:file_picker] AndroidManifest.xml:13:21-69
24
25            <data android:mimeType="*/*" />
25-->src\main\AndroidManifest.xml:52:17-81
26        </intent>
27    </queries>
28
29    <uses-permission android:name="android.permission.ACCESS_NETWORK_STATE" />
29-->[com.google.firebase:firebase-config:22.0.1] AndroidManifest.xml:22:5-79
29-->[com.google.firebase:firebase-config:22.0.1] AndroidManifest.xml:22:22-76
30
31    <permission
31-->[androidx.core:core:1.13.1] AndroidManifest.xml:22:5-24:47
32        android:name="com.mycompany.pegcrypto.DYNAMIC_RECEIVER_NOT_EXPORTED_PERMISSION"
32-->[androidx.core:core:1.13.1] AndroidManifest.xml:23:9-81
33        android:protectionLevel="signature" />
33-->[androidx.core:core:1.13.1] AndroidManifest.xml:24:9-44
34
35    <uses-permission android:name="com.mycompany.pegcrypto.DYNAMIC_RECEIVER_NOT_EXPORTED_PERMISSION" />
35-->[androidx.core:core:1.13.1] AndroidManifest.xml:26:5-97
35-->[androidx.core:core:1.13.1] AndroidManifest.xml:26:22-94
36
37    <application
37-->src\main\AndroidManifest.xml:11:5-65:19
38        android:appComponentFactory="androidx.core.app.CoreComponentFactory"
38-->[androidx.core:core:1.13.1] AndroidManifest.xml:28:18-86
39        android:extractNativeLibs="false"
40        android:icon="@mipmap/ic_launcher"
40-->src\main\AndroidManifest.xml:14:9-43
41        android:label="PEG"
41-->src\main\AndroidManifest.xml:12:9-28
42        android:requestLegacyExternalStorage="true" >
42-->src\main\AndroidManifest.xml:15:9-52
43        <activity
43-->src\main\AndroidManifest.xml:17:9-55:20
44            android:name="com.mycompany.pegcrypto.MainActivity"
44-->src\main\AndroidManifest.xml:18:13-41
45            android:configChanges="orientation|keyboardHidden|keyboard|screenSize|smallestScreenSize|locale|layoutDirection|fontScale|screenLayout|density|uiMode"
45-->src\main\AndroidManifest.xml:22:13-163
46            android:exported="true"
46-->src\main\AndroidManifest.xml:19:13-36
47            android:hardwareAccelerated="true"
47-->src\main\AndroidManifest.xml:23:13-47
48            android:launchMode="singleTop"
48-->src\main\AndroidManifest.xml:20:13-43
49            android:theme="@style/LaunchTheme"
49-->src\main\AndroidManifest.xml:21:13-47
50            android:windowSoftInputMode="adjustResize" >
50-->src\main\AndroidManifest.xml:24:13-55
51
52            <!--
53                 Specifies an Android theme to apply to this Activity as soon as
54                 the Android process has started. This theme is visible to the user
55                 while the Flutter UI initializes. After that, this theme continues
56                 to determine the Window background behind the Flutter UI.
57            -->
58            <meta-data
58-->src\main\AndroidManifest.xml:29:13-32:17
59                android:name="io.flutter.embedding.android.NormalTheme"
59-->src\main\AndroidManifest.xml:30:15-70
60                android:resource="@style/NormalTheme" />
60-->src\main\AndroidManifest.xml:31:15-52
61            <!--
62                 Displays an Android View that continues showing the launch screen
63                 Drawable until Flutter paints its first frame, then this splash
64                 screen fades out. A splash screen is useful to avoid any visual
65                 gap between the end of Android's launch screen and the painting of
66                 Flutter's first frame.
67            -->
68            <meta-data
68-->src\main\AndroidManifest.xml:38:13-41:17
69                android:name="io.flutter.embedding.android.SplashScreenDrawable"
69-->src\main\AndroidManifest.xml:39:15-79
70                android:resource="@drawable/launch_background" />
70-->src\main\AndroidManifest.xml:40:15-61
71
72            <intent-filter>
72-->src\main\AndroidManifest.xml:42:13-45:29
73                <action android:name="android.intent.action.MAIN" />
73-->src\main\AndroidManifest.xml:43:17-68
73-->src\main\AndroidManifest.xml:43:25-66
74
75                <category android:name="android.intent.category.LAUNCHER" />
75-->src\main\AndroidManifest.xml:44:17-76
75-->src\main\AndroidManifest.xml:44:27-74
76            </intent-filter>
77            <!-- Deep linking -->
78            <meta-data
78-->src\main\AndroidManifest.xml:47:13-90
79                android:name="flutter_deeplinking_enabled"
79-->src\main\AndroidManifest.xml:47:24-66
80                android:value="true" />
80-->src\main\AndroidManifest.xml:47:67-87
81
82            <intent-filter android:autoVerify="true" >
82-->src\main\AndroidManifest.xml:48:13-53:29
82-->src\main\AndroidManifest.xml:48:28-53
83                <action android:name="android.intent.action.VIEW" />
83-->src\main\AndroidManifest.xml:49:17-69
83-->src\main\AndroidManifest.xml:49:25-66
84
85                <category android:name="android.intent.category.DEFAULT" />
85-->src\main\AndroidManifest.xml:50:17-76
85-->src\main\AndroidManifest.xml:50:27-73
86                <category android:name="android.intent.category.BROWSABLE" />
86-->src\main\AndroidManifest.xml:51:17-78
86-->src\main\AndroidManifest.xml:51:27-75
87
88                <data
88-->src\main\AndroidManifest.xml:52:17-81
89                    android:host="pegcrypto.com"
89-->src\main\AndroidManifest.xml:52:50-78
90                    android:scheme="pegcrypto" />
90-->src\main\AndroidManifest.xml:52:23-49
91            </intent-filter>
92        </activity>
93
94        <!--
95             Don't delete the meta-data below.
96             This is used by the Flutter tool to generate GeneratedPluginRegistrant.java
97        -->
98        <meta-data
98-->src\main\AndroidManifest.xml:59:9-61:33
99            android:name="flutterEmbedding"
99-->src\main\AndroidManifest.xml:60:13-44
100            android:value="2" />
100-->src\main\AndroidManifest.xml:61:13-30
101
102        <service
102-->[:firebase_performance] AndroidManifest.xml:10:9-14:19
103            android:name="com.google.firebase.components.ComponentDiscoveryService"
103-->[:firebase_performance] AndroidManifest.xml:10:18-89
104            android:directBootAware="true"
104-->[com.google.firebase:firebase-common:21.0.0] AndroidManifest.xml:32:13-43
105            android:exported="false" >
105-->[com.google.firebase:firebase-perf:21.0.2] AndroidManifest.xml:13:13-37
106            <meta-data
106-->[:firebase_performance] AndroidManifest.xml:11:13-13:85
107                android:name="com.google.firebase.components:io.flutter.plugins.firebase.performance.FlutterFirebaseAppRegistrar"
107-->[:firebase_performance] AndroidManifest.xml:12:17-130
108                android:value="com.google.firebase.components.ComponentRegistrar" />
108-->[:firebase_performance] AndroidManifest.xml:13:17-82
109            <meta-data
109-->[:firebase_core] AndroidManifest.xml:9:13-11:85
110                android:name="com.google.firebase.components:io.flutter.plugins.firebase.core.FlutterFirebaseCoreRegistrar"
110-->[:firebase_core] AndroidManifest.xml:10:17-124
111                android:value="com.google.firebase.components.ComponentRegistrar" />
111-->[:firebase_core] AndroidManifest.xml:11:17-82
112            <meta-data
112-->[com.google.firebase:firebase-perf:21.0.2] AndroidManifest.xml:14:13-16:85
113                android:name="com.google.firebase.components:com.google.firebase.perf.FirebasePerfKtxRegistrar"
113-->[com.google.firebase:firebase-perf:21.0.2] AndroidManifest.xml:15:17-112
114                android:value="com.google.firebase.components.ComponentRegistrar" />
114-->[com.google.firebase:firebase-perf:21.0.2] AndroidManifest.xml:16:17-82
115            <meta-data
115-->[com.google.firebase:firebase-perf:21.0.2] AndroidManifest.xml:17:13-19:85
116                android:name="com.google.firebase.components:com.google.firebase.perf.FirebasePerfRegistrar"
116-->[com.google.firebase:firebase-perf:21.0.2] AndroidManifest.xml:18:17-109
117                android:value="com.google.firebase.components.ComponentRegistrar" />
117-->[com.google.firebase:firebase-perf:21.0.2] AndroidManifest.xml:19:17-82
118            <meta-data
118-->[com.google.firebase:firebase-config:22.0.1] AndroidManifest.xml:29:13-31:85
119                android:name="com.google.firebase.components:com.google.firebase.remoteconfig.FirebaseRemoteConfigKtxRegistrar"
119-->[com.google.firebase:firebase-config:22.0.1] AndroidManifest.xml:30:17-128
120                android:value="com.google.firebase.components.ComponentRegistrar" />
120-->[com.google.firebase:firebase-config:22.0.1] AndroidManifest.xml:31:17-82
121            <meta-data
121-->[com.google.firebase:firebase-config:22.0.1] AndroidManifest.xml:32:13-34:85
122                android:name="com.google.firebase.components:com.google.firebase.remoteconfig.RemoteConfigRegistrar"
122-->[com.google.firebase:firebase-config:22.0.1] AndroidManifest.xml:33:17-117
123                android:value="com.google.firebase.components.ComponentRegistrar" />
123-->[com.google.firebase:firebase-config:22.0.1] AndroidManifest.xml:34:17-82
124            <meta-data
124-->[com.google.firebase:firebase-sessions:2.0.0] AndroidManifest.xml:29:13-31:85
125                android:name="com.google.firebase.components:com.google.firebase.sessions.FirebaseSessionsRegistrar"
125-->[com.google.firebase:firebase-sessions:2.0.0] AndroidManifest.xml:30:17-117
126                android:value="com.google.firebase.components.ComponentRegistrar" />
126-->[com.google.firebase:firebase-sessions:2.0.0] AndroidManifest.xml:31:17-82
127            <meta-data
127-->[com.google.firebase:firebase-installations:18.0.0] AndroidManifest.xml:15:13-17:85
128                android:name="com.google.firebase.components:com.google.firebase.installations.FirebaseInstallationsKtxRegistrar"
128-->[com.google.firebase:firebase-installations:18.0.0] AndroidManifest.xml:16:17-130
129                android:value="com.google.firebase.components.ComponentRegistrar" />
129-->[com.google.firebase:firebase-installations:18.0.0] AndroidManifest.xml:17:17-82
130            <meta-data
130-->[com.google.firebase:firebase-installations:18.0.0] AndroidManifest.xml:18:13-20:85
131                android:name="com.google.firebase.components:com.google.firebase.installations.FirebaseInstallationsRegistrar"
131-->[com.google.firebase:firebase-installations:18.0.0] AndroidManifest.xml:19:17-127
132                android:value="com.google.firebase.components.ComponentRegistrar" />
132-->[com.google.firebase:firebase-installations:18.0.0] AndroidManifest.xml:20:17-82
133            <meta-data
133-->[com.google.firebase:firebase-common-ktx:21.0.0] AndroidManifest.xml:12:13-14:85
134                android:name="com.google.firebase.components:com.google.firebase.ktx.FirebaseCommonLegacyRegistrar"
134-->[com.google.firebase:firebase-common-ktx:21.0.0] AndroidManifest.xml:13:17-116
135                android:value="com.google.firebase.components.ComponentRegistrar" />
135-->[com.google.firebase:firebase-common-ktx:21.0.0] AndroidManifest.xml:14:17-82
136            <meta-data
136-->[com.google.firebase:firebase-common:21.0.0] AndroidManifest.xml:35:13-37:85
137                android:name="com.google.firebase.components:com.google.firebase.FirebaseCommonKtxRegistrar"
137-->[com.google.firebase:firebase-common:21.0.0] AndroidManifest.xml:36:17-109
138                android:value="com.google.firebase.components.ComponentRegistrar" />
138-->[com.google.firebase:firebase-common:21.0.0] AndroidManifest.xml:37:17-82
139            <meta-data
139-->[com.google.firebase:firebase-abt:21.1.1] AndroidManifest.xml:12:13-14:85
140                android:name="com.google.firebase.components:com.google.firebase.abt.component.AbtRegistrar"
140-->[com.google.firebase:firebase-abt:21.1.1] AndroidManifest.xml:13:17-109
141                android:value="com.google.firebase.components.ComponentRegistrar" />
141-->[com.google.firebase:firebase-abt:21.1.1] AndroidManifest.xml:14:17-82
142            <meta-data
142-->[com.google.firebase:firebase-datatransport:18.1.8] AndroidManifest.xml:27:13-29:85
143                android:name="com.google.firebase.components:com.google.firebase.datatransport.TransportRegistrar"
143-->[com.google.firebase:firebase-datatransport:18.1.8] AndroidManifest.xml:28:17-115
144                android:value="com.google.firebase.components.ComponentRegistrar" />
144-->[com.google.firebase:firebase-datatransport:18.1.8] AndroidManifest.xml:29:17-82
145        </service>
146
147        <provider
147-->[:image_picker_android] AndroidManifest.xml:9:9-17:20
148            android:name="io.flutter.plugins.imagepicker.ImagePickerFileProvider"
148-->[:image_picker_android] AndroidManifest.xml:10:13-82
149            android:authorities="com.mycompany.pegcrypto.flutter.image_provider"
149-->[:image_picker_android] AndroidManifest.xml:11:13-74
150            android:exported="false"
150-->[:image_picker_android] AndroidManifest.xml:12:13-37
151            android:grantUriPermissions="true" >
151-->[:image_picker_android] AndroidManifest.xml:13:13-47
152            <meta-data
152-->[:image_picker_android] AndroidManifest.xml:14:13-16:75
153                android:name="android.support.FILE_PROVIDER_PATHS"
153-->[:image_picker_android] AndroidManifest.xml:15:17-67
154                android:resource="@xml/flutter_image_picker_file_paths" />
154-->[:image_picker_android] AndroidManifest.xml:16:17-72
155        </provider> <!-- Trigger Google Play services to install the backported photo picker module. -->
156        <service
156-->[:image_picker_android] AndroidManifest.xml:19:9-31:19
157            android:name="com.google.android.gms.metadata.ModuleDependencies"
157-->[:image_picker_android] AndroidManifest.xml:20:13-78
158            android:enabled="false"
158-->[:image_picker_android] AndroidManifest.xml:21:13-36
159            android:exported="false" >
159-->[:image_picker_android] AndroidManifest.xml:22:13-37
160            <intent-filter>
160-->[:image_picker_android] AndroidManifest.xml:24:13-26:29
161                <action android:name="com.google.android.gms.metadata.MODULE_DEPENDENCIES" />
161-->[:image_picker_android] AndroidManifest.xml:25:17-94
161-->[:image_picker_android] AndroidManifest.xml:25:25-91
162            </intent-filter>
163
164            <meta-data
164-->[:image_picker_android] AndroidManifest.xml:28:13-30:36
165                android:name="photopicker_activity:0:required"
165-->[:image_picker_android] AndroidManifest.xml:29:17-63
166                android:value="" />
166-->[:image_picker_android] AndroidManifest.xml:30:17-33
167        </service>
168        <!--
169           Declares a provider which allows us to store files to share in
170           '.../caches/share_plus' and grant the receiving action access
171        -->
172        <provider
172-->[:share_plus] AndroidManifest.xml:13:9-21:20
173            android:name="dev.fluttercommunity.plus.share.ShareFileProvider"
173-->[:share_plus] AndroidManifest.xml:14:13-77
174            android:authorities="com.mycompany.pegcrypto.flutter.share_provider"
174-->[:share_plus] AndroidManifest.xml:15:13-74
175            android:exported="false"
175-->[:share_plus] AndroidManifest.xml:16:13-37
176            android:grantUriPermissions="true" >
176-->[:share_plus] AndroidManifest.xml:17:13-47
177            <meta-data
177-->[:image_picker_android] AndroidManifest.xml:14:13-16:75
178                android:name="android.support.FILE_PROVIDER_PATHS"
178-->[:image_picker_android] AndroidManifest.xml:15:17-67
179                android:resource="@xml/flutter_share_file_paths" />
179-->[:image_picker_android] AndroidManifest.xml:16:17-72
180        </provider>
181        <!--
182           This manifest declared broadcast receiver allows us to use an explicit
183           Intent when creating a PendingItent to be informed of the user's choice
184        -->
185        <receiver
185-->[:share_plus] AndroidManifest.xml:26:9-32:20
186            android:name="dev.fluttercommunity.plus.share.SharePlusPendingIntent"
186-->[:share_plus] AndroidManifest.xml:27:13-82
187            android:exported="false" >
187-->[:share_plus] AndroidManifest.xml:28:13-37
188            <intent-filter>
188-->[:share_plus] AndroidManifest.xml:29:13-31:29
189                <action android:name="EXTRA_CHOSEN_COMPONENT" />
189-->[:share_plus] AndroidManifest.xml:30:17-65
189-->[:share_plus] AndroidManifest.xml:30:25-62
190            </intent-filter>
191        </receiver>
192
193        <activity
193-->[:url_launcher_android] AndroidManifest.xml:8:9-11:74
194            android:name="io.flutter.plugins.urllauncher.WebViewActivity"
194-->[:url_launcher_android] AndroidManifest.xml:9:13-74
195            android:exported="false"
195-->[:url_launcher_android] AndroidManifest.xml:10:13-37
196            android:theme="@android:style/Theme.NoTitleBar.Fullscreen" />
196-->[:url_launcher_android] AndroidManifest.xml:11:13-71
197
198        <service
198-->[com.google.firebase:firebase-sessions:2.0.0] AndroidManifest.xml:22:9-25:40
199            android:name="com.google.firebase.sessions.SessionLifecycleService"
199-->[com.google.firebase:firebase-sessions:2.0.0] AndroidManifest.xml:23:13-80
200            android:enabled="true"
200-->[com.google.firebase:firebase-sessions:2.0.0] AndroidManifest.xml:24:13-35
201            android:exported="false" />
201-->[com.google.firebase:firebase-sessions:2.0.0] AndroidManifest.xml:25:13-37
202
203        <provider
203-->[com.google.firebase:firebase-common:21.0.0] AndroidManifest.xml:23:9-28:39
204            android:name="com.google.firebase.provider.FirebaseInitProvider"
204-->[com.google.firebase:firebase-common:21.0.0] AndroidManifest.xml:24:13-77
205            android:authorities="com.mycompany.pegcrypto.firebaseinitprovider"
205-->[com.google.firebase:firebase-common:21.0.0] AndroidManifest.xml:25:13-72
206            android:directBootAware="true"
206-->[com.google.firebase:firebase-common:21.0.0] AndroidManifest.xml:26:13-43
207            android:exported="false"
207-->[com.google.firebase:firebase-common:21.0.0] AndroidManifest.xml:27:13-37
208            android:initOrder="100" />
208-->[com.google.firebase:firebase-common:21.0.0] AndroidManifest.xml:28:13-36
209
210        <uses-library
210-->[androidx.window:window:1.2.0] AndroidManifest.xml:23:9-25:40
211            android:name="androidx.window.extensions"
211-->[androidx.window:window:1.2.0] AndroidManifest.xml:24:13-54
212            android:required="false" />
212-->[androidx.window:window:1.2.0] AndroidManifest.xml:25:13-37
213        <uses-library
213-->[androidx.window:window:1.2.0] AndroidManifest.xml:26:9-28:40
214            android:name="androidx.window.sidecar"
214-->[androidx.window:window:1.2.0] AndroidManifest.xml:27:13-51
215            android:required="false" />
215-->[androidx.window:window:1.2.0] AndroidManifest.xml:28:13-37
216
217        <provider
217-->[androidx.lifecycle:lifecycle-process:2.7.0] AndroidManifest.xml:24:9-32:20
218            android:name="androidx.startup.InitializationProvider"
218-->[androidx.lifecycle:lifecycle-process:2.7.0] AndroidManifest.xml:25:13-67
219            android:authorities="com.mycompany.pegcrypto.androidx-startup"
219-->[androidx.lifecycle:lifecycle-process:2.7.0] AndroidManifest.xml:26:13-68
220            android:exported="false" >
220-->[androidx.lifecycle:lifecycle-process:2.7.0] AndroidManifest.xml:27:13-37
221            <meta-data
221-->[androidx.lifecycle:lifecycle-process:2.7.0] AndroidManifest.xml:29:13-31:52
222                android:name="androidx.lifecycle.ProcessLifecycleInitializer"
222-->[androidx.lifecycle:lifecycle-process:2.7.0] AndroidManifest.xml:30:17-78
223                android:value="androidx.startup" />
223-->[androidx.lifecycle:lifecycle-process:2.7.0] AndroidManifest.xml:31:17-49
224            <meta-data
224-->[androidx.profileinstaller:profileinstaller:1.3.1] AndroidManifest.xml:29:13-31:52
225                android:name="androidx.profileinstaller.ProfileInstallerInitializer"
225-->[androidx.profileinstaller:profileinstaller:1.3.1] AndroidManifest.xml:30:17-85
226                android:value="androidx.startup" />
226-->[androidx.profileinstaller:profileinstaller:1.3.1] AndroidManifest.xml:31:17-49
227        </provider>
228
229        <meta-data
229-->[com.google.android.gms:play-services-basement:18.3.0] AndroidManifest.xml:21:9-23:69
230            android:name="com.google.android.gms.version"
230-->[com.google.android.gms:play-services-basement:18.3.0] AndroidManifest.xml:22:13-58
231            android:value="@integer/google_play_services_version" />
231-->[com.google.android.gms:play-services-basement:18.3.0] AndroidManifest.xml:23:13-66
232
233        <service
233-->[com.google.android.datatransport:transport-backend-cct:3.1.9] AndroidManifest.xml:28:9-34:19
234            android:name="com.google.android.datatransport.runtime.backends.TransportBackendDiscovery"
234-->[com.google.android.datatransport:transport-backend-cct:3.1.9] AndroidManifest.xml:29:13-103
235            android:exported="false" >
235-->[com.google.android.datatransport:transport-backend-cct:3.1.9] AndroidManifest.xml:30:13-37
236            <meta-data
236-->[com.google.android.datatransport:transport-backend-cct:3.1.9] AndroidManifest.xml:31:13-33:39
237                android:name="backend:com.google.android.datatransport.cct.CctBackendFactory"
237-->[com.google.android.datatransport:transport-backend-cct:3.1.9] AndroidManifest.xml:32:17-94
238                android:value="cct" />
238-->[com.google.android.datatransport:transport-backend-cct:3.1.9] AndroidManifest.xml:33:17-36
239        </service>
240
241        <receiver
241-->[androidx.profileinstaller:profileinstaller:1.3.1] AndroidManifest.xml:34:9-52:20
242            android:name="androidx.profileinstaller.ProfileInstallReceiver"
242-->[androidx.profileinstaller:profileinstaller:1.3.1] AndroidManifest.xml:35:13-76
243            android:directBootAware="false"
243-->[androidx.profileinstaller:profileinstaller:1.3.1] AndroidManifest.xml:36:13-44
244            android:enabled="true"
244-->[androidx.profileinstaller:profileinstaller:1.3.1] AndroidManifest.xml:37:13-35
245            android:exported="true"
245-->[androidx.profileinstaller:profileinstaller:1.3.1] AndroidManifest.xml:38:13-36
246            android:permission="android.permission.DUMP" >
246-->[androidx.profileinstaller:profileinstaller:1.3.1] AndroidManifest.xml:39:13-57
247            <intent-filter>
247-->[androidx.profileinstaller:profileinstaller:1.3.1] AndroidManifest.xml:40:13-42:29
248                <action android:name="androidx.profileinstaller.action.INSTALL_PROFILE" />
248-->[androidx.profileinstaller:profileinstaller:1.3.1] AndroidManifest.xml:41:17-91
248-->[androidx.profileinstaller:profileinstaller:1.3.1] AndroidManifest.xml:41:25-88
249            </intent-filter>
250            <intent-filter>
250-->[androidx.profileinstaller:profileinstaller:1.3.1] AndroidManifest.xml:43:13-45:29
251                <action android:name="androidx.profileinstaller.action.SKIP_FILE" />
251-->[androidx.profileinstaller:profileinstaller:1.3.1] AndroidManifest.xml:44:17-85
251-->[androidx.profileinstaller:profileinstaller:1.3.1] AndroidManifest.xml:44:25-82
252            </intent-filter>
253            <intent-filter>
253-->[androidx.profileinstaller:profileinstaller:1.3.1] AndroidManifest.xml:46:13-48:29
254                <action android:name="androidx.profileinstaller.action.SAVE_PROFILE" />
254-->[androidx.profileinstaller:profileinstaller:1.3.1] AndroidManifest.xml:47:17-88
254-->[androidx.profileinstaller:profileinstaller:1.3.1] AndroidManifest.xml:47:25-85
255            </intent-filter>
256            <intent-filter>
256-->[androidx.profileinstaller:profileinstaller:1.3.1] AndroidManifest.xml:49:13-51:29
257                <action android:name="androidx.profileinstaller.action.BENCHMARK_OPERATION" />
257-->[androidx.profileinstaller:profileinstaller:1.3.1] AndroidManifest.xml:50:17-95
257-->[androidx.profileinstaller:profileinstaller:1.3.1] AndroidManifest.xml:50:25-92
258            </intent-filter>
259        </receiver>
260
261        <service
261-->[com.google.android.datatransport:transport-runtime:3.1.9] AndroidManifest.xml:26:9-30:19
262            android:name="com.google.android.datatransport.runtime.scheduling.jobscheduling.JobInfoSchedulerService"
262-->[com.google.android.datatransport:transport-runtime:3.1.9] AndroidManifest.xml:27:13-117
263            android:exported="false"
263-->[com.google.android.datatransport:transport-runtime:3.1.9] AndroidManifest.xml:28:13-37
264            android:permission="android.permission.BIND_JOB_SERVICE" >
264-->[com.google.android.datatransport:transport-runtime:3.1.9] AndroidManifest.xml:29:13-69
265        </service>
266
267        <receiver
267-->[com.google.android.datatransport:transport-runtime:3.1.9] AndroidManifest.xml:32:9-34:40
268            android:name="com.google.android.datatransport.runtime.scheduling.jobscheduling.AlarmManagerSchedulerBroadcastReceiver"
268-->[com.google.android.datatransport:transport-runtime:3.1.9] AndroidManifest.xml:33:13-132
269            android:exported="false" />
269-->[com.google.android.datatransport:transport-runtime:3.1.9] AndroidManifest.xml:34:13-37
270    </application>
271
272</manifest>